<?xml version="1.0" encoding="UTF-8"?>
<coverage generated="1604412193">
  <project timestamp="1604412193">
    <file name="/home/vagrant/code/ui/tests/CreatesApplication.php">
      <class name="Tests\CreatesApplication" namespace="global">
        <metrics complexity="1" methods="1" coveredmethods="1" conditionals="0" coveredconditionals="0" statements="3" coveredstatements="3" elements="4" coveredelements="4"/>
      </class>
      <line num="14" type="method" name="createApplication" visibility="public" complexity="1" crap="1" count="5"/>
      <line num="16" type="stmt" count="5"/>
      <line num="18" type="stmt" count="5"/>
      <line num="20" type="stmt" count="5"/>
      <metrics loc="22" ncloc="17" classes="1" methods="1" coveredmethods="1" conditionals="0" coveredconditionals="0" statements="3" coveredstatements="3" elements="4" coveredelements="4"/>
    </file>
    <file name="/home/vagrant/code/ui/tests/Feature/ProjectTest.php">
      <class name="Tests\Feature\ProjectTest" namespace="global">
        <metrics complexity="4" methods="4" coveredmethods="4" conditionals="0" coveredconditionals="0" statements="19" coveredstatements="19" elements="23" coveredelements="23"/>
      </class>
      <line num="18" type="method" name="testProjectIndex" visibility="public" complexity="1" crap="1" count="1"/>
      <line num="20" type="stmt" count="1"/>
      <line num="22" type="stmt" count="1"/>
      <line num="24" type="stmt" count="1"/>
      <line num="26" type="stmt" count="1"/>
      <line num="27" type="stmt" count="1"/>
      <line num="34" type="method" name="testProjectCreate" visibility="public" complexity="1" crap="1" count="1"/>
      <line num="36" type="stmt" count="1"/>
      <line num="38" type="stmt" count="1"/>
      <line num="40" type="stmt" count="1"/>
      <line num="41" type="stmt" count="1"/>
      <line num="48" type="method" name="testProjectEdit" visibility="public" complexity="1" crap="1" count="1"/>
      <line num="50" type="stmt" count="1"/>
      <line num="52" type="stmt" count="1"/>
      <line num="54" type="stmt" count="1"/>
      <line num="56" type="stmt" count="1"/>
      <line num="58" type="stmt" count="1"/>
      <line num="59" type="stmt" count="1"/>
      <line num="66" type="method" name="testProjectDestroy" visibility="public" complexity="1" crap="1" count="1"/>
      <line num="68" type="stmt" count="1"/>
      <line num="70" type="stmt" count="1"/>
      <line num="72" type="stmt" count="1"/>
      <line num="73" type="stmt" count="1"/>
      <metrics loc="74" ncloc="54" classes="1" methods="4" coveredmethods="4" conditionals="0" coveredconditionals="0" statements="19" coveredstatements="19" elements="23" coveredelements="23"/>
    </file>
    <file name="/home/vagrant/code/ui/tests/Feature/UploadMediaTest.php">
      <class name="Tests\Feature\UploadMediaTest" namespace="global">
        <metrics complexity="1" methods="1" coveredmethods="1" conditionals="0" coveredconditionals="0" statements="5" coveredstatements="5" elements="6" coveredelements="6"/>
      </class>
      <line num="18" type="method" name="testUploadMedia" visibility="public" complexity="1" crap="1" count="1"/>
      <line num="20" type="stmt" count="1"/>
      <line num="22" type="stmt" count="1"/>
      <line num="24" type="stmt" count="1"/>
      <line num="26" type="stmt" count="1"/>
      <line num="27" type="stmt" count="1"/>
      <metrics loc="28" ncloc="23" classes="1" methods="1" coveredmethods="1" conditionals="0" coveredconditionals="0" statements="5" coveredstatements="5" elements="6" coveredelements="6"/>
    </file>
    <metrics files="3" loc="124" ncloc="94" classes="3" methods="6" coveredmethods="6" conditionals="0" coveredconditionals="0" statements="27" coveredstatements="27" elements="33" coveredelements="33"/>
  </project>
</coverage>
